Determining if the include file pthread.h exists failed with the following output:
Change Dir: D:/OneDrive/CS/CS160/cs160_stackoverflow/face_detection_win/cmake-build-release/CMakeFiles/CMakeTmp

Run Build Command:"nmake" "/NOLOGO" "cmTC_9c85f\fast"
	"C:\Program Files (x86)\Microsoft Visual Studio\2017\Community\VC\Tools\MSVC\14.11.25503\bin\HostX86\x86\nmake.exe" -f CMakeFiles\cmTC_9c85f.dir\build.make /nologo -L                  CMakeFiles\cmTC_9c85f.dir\build
Building C object CMakeFiles/cmTC_9c85f.dir/CheckIncludeFile.c.obj
	C:\PROGRA~2\MIB055~1\2017\COMMUN~1\VC\Tools\MSVC\1411~1.255\bin\HostX86\x64\cl.exe @C:\Users\POWER\AppData\Local\Temp\nm2E92.tmp
CheckIncludeFile.c
D:\OneDrive\CS\CS160\cs160_stackoverflow\face_detection_win\cmake-build-release\CMakeFiles\CMakeTmp\CheckIncludeFile.c(1): fatal error C1083: Cannot open include file: 'pthread.h': No such file or directory
NMAKE : fatal error U1077: 'C:\PROGRA~2\MIB055~1\2017\COMMUN~1\VC\Tools\MSVC\1411~1.255\bin\HostX86\x64\cl.exe' : return code '0x2'
Stop.
NMAKE : fatal error U1077: '"C:\Program Files (x86)\Microsoft Visual Studio\2017\Community\VC\Tools\MSVC\14.11.25503\bin\HostX86\x86\nmake.exe"' : return code '0x2'
Stop.


Determining if the include file pthread.h exists failed with the following output:
Change Dir: D:/OneDrive/CS/CS160/cs160_stackoverflow/face_detection_win/cmake-build-release/CMakeFiles/CMakeTmp

Run Build Command:"nmake" "/NOLOGO" "cmTC_f7c6d\fast"
	"C:\Program Files (x86)\Microsoft Visual Studio\2017\Community\VC\Tools\MSVC\14.10.25017\bin\HostX86\x86\nmake.exe" -f CMakeFiles\cmTC_f7c6d.dir\build.make /nologo -L                  CMakeFiles\cmTC_f7c6d.dir\build
Building C object CMakeFiles/cmTC_f7c6d.dir/CheckIncludeFile.c.obj
	C:\PROGRA~2\MIB055~1\2017\COMMUN~1\VC\Tools\MSVC\1410~1.250\bin\HostX86\x64\cl.exe @C:\Users\super\AppData\Local\Temp\nmCE90.tmp
CheckIncludeFile.c
D:\OneDrive\CS\CS160\cs160_stackoverflow\face_detection_win\cmake-build-release\CMakeFiles\CMakeTmp\CheckIncludeFile.c(1): fatal error C1083: Cannot open include file: 'pthread.h': No such file or directory
NMAKE : fatal error U1077: 'C:\PROGRA~2\MIB055~1\2017\COMMUN~1\VC\Tools\MSVC\1410~1.250\bin\HostX86\x64\cl.exe' : return code '0x2'
Stop.
NMAKE : fatal error U1077: '"C:\Program Files (x86)\Microsoft Visual Studio\2017\Community\VC\Tools\MSVC\14.10.25017\bin\HostX86\x86\nmake.exe"' : return code '0x2'
Stop.


